c:\code\doom\doom-port\build\doom-port.dir\debug\vc143.pdb
c:\code\doom\doom-port\build\doom-port.dir\debug\m_bbox.obj
c:\code\doom\doom-port\build\doom-port.dir\debug\m_argv.obj
c:\code\doom\doom-port\build\doom-port.dir\debug\info.obj
c:\code\doom\doom-port\build\doom-port.dir\debug\i_video.obj
c:\code\doom\doom-port\build\doom-port.dir\debug\i_system.obj
c:\code\doom\doom-port\build\doom-port.dir\debug\i_sound.obj
c:\code\doom\doom-port\build\doom-port.dir\debug\i_net.obj
c:\code\doom\doom-port\build\doom-port.dir\debug\i_main.obj
c:\code\doom\doom-port\build\doom-port.dir\debug\hu_stuff.obj
c:\code\doom\doom-port\build\doom-port.dir\debug\hu_lib.obj
c:\code\doom\doom-port\build\doom-port.dir\debug\g_game.obj
c:\code\doom\doom-port\build\doom-port.dir\debug\f_wipe.obj
c:\code\doom\doom-port\build\doom-port.dir\debug\f_finale.obj
c:\code\doom\doom-port\build\doom-port.dir\debug\dstrings.obj
c:\code\doom\doom-port\build\doom-port.dir\debug\doomstat.obj
c:\code\doom\doom-port\build\doom-port.dir\debug\doomdef.obj
c:\code\doom\doom-port\build\doom-port.dir\debug\d_net.obj
c:\code\doom\doom-port\build\doom-port.dir\debug\d_main.obj
c:\code\doom\doom-port\build\doom-port.dir\debug\d_items.obj
c:\code\doom\doom-port\build\doom-port.dir\debug\am_map.obj
c:\code\doom\doom-port\build\doom-port.dir\debug\p_sight.obj
c:\code\doom\doom-port\build\doom-port.dir\debug\p_setup.obj
c:\code\doom\doom-port\build\doom-port.dir\debug\p_saveg.obj
c:\code\doom\doom-port\build\doom-port.dir\debug\p_pspr.obj
c:\code\doom\doom-port\build\doom-port.dir\debug\p_plats.obj
c:\code\doom\doom-port\build\doom-port.dir\debug\p_mobj.obj
c:\code\doom\doom-port\build\doom-port.dir\debug\p_maputl.obj
c:\code\doom\doom-port\build\doom-port.dir\debug\p_map.obj
c:\code\doom\doom-port\build\doom-port.dir\debug\p_lights.obj
c:\code\doom\doom-port\build\doom-port.dir\debug\p_inter.obj
c:\code\doom\doom-port\build\doom-port.dir\debug\p_floor.obj
c:\code\doom\doom-port\build\doom-port.dir\debug\p_enemy.obj
c:\code\doom\doom-port\build\doom-port.dir\debug\p_doors.obj
c:\code\doom\doom-port\build\doom-port.dir\debug\p_ceilng.obj
c:\code\doom\doom-port\build\doom-port.dir\debug\m_swap.obj
c:\code\doom\doom-port\build\doom-port.dir\debug\m_random.obj
c:\code\doom\doom-port\build\doom-port.dir\debug\m_misc.obj
c:\code\doom\doom-port\build\doom-port.dir\debug\m_menu.obj
c:\code\doom\doom-port\build\doom-port.dir\debug\m_fixed.obj
c:\code\doom\doom-port\build\doom-port.dir\debug\m_cheat.obj
c:\code\doom\doom-port\build\doom-port.dir\debug\w_wad.obj
c:\code\doom\doom-port\build\doom-port.dir\debug\v_video.obj
c:\code\doom\doom-port\build\doom-port.dir\debug\tables.obj
c:\code\doom\doom-port\build\doom-port.dir\debug\st_stuff.obj
c:\code\doom\doom-port\build\doom-port.dir\debug\st_lib.obj
c:\code\doom\doom-port\build\doom-port.dir\debug\sounds.obj
c:\code\doom\doom-port\build\doom-port.dir\debug\s_sound.obj
c:\code\doom\doom-port\build\doom-port.dir\debug\r_things.obj
c:\code\doom\doom-port\build\doom-port.dir\debug\r_sky.obj
c:\code\doom\doom-port\build\doom-port.dir\debug\r_segs.obj
c:\code\doom\doom-port\build\doom-port.dir\debug\r_plane.obj
c:\code\doom\doom-port\build\doom-port.dir\debug\r_main.obj
c:\code\doom\doom-port\build\doom-port.dir\debug\r_draw.obj
c:\code\doom\doom-port\build\doom-port.dir\debug\r_data.obj
c:\code\doom\doom-port\build\doom-port.dir\debug\r_bsp.obj
c:\code\doom\doom-port\build\doom-port.dir\debug\p_user.obj
c:\code\doom\doom-port\build\doom-port.dir\debug\p_tick.obj
c:\code\doom\doom-port\build\doom-port.dir\debug\p_telept.obj
c:\code\doom\doom-port\build\doom-port.dir\debug\p_switch.obj
c:\code\doom\doom-port\build\doom-port.dir\debug\p_spec.obj
c:\code\doom\doom-port\build\doom-port.dir\debug\window_win32.obj
c:\code\doom\doom-port\build\doom-port.dir\debug\z_zone.obj
c:\code\doom\doom-port\build\doom-port.dir\debug\wi_stuff.obj
c:\code\doom\doom-port\build\doom-port.dir\debug\timer_win32.obj
c:\code\doom\doom-port\build\cmakefiles\generate.stamp
c:\code\doom\doom-port\build\debug\doom-port.exe
c:\code\doom\doom-port\build\debug\doom-port.pdb
c:\code\doom\doom-port\build\doom-port.dir\debug\doom-port.ilk
c:\code\doom\doom-port\build\doom-port.dir\debug\doom-port.tlog\cl.command.1.tlog
c:\code\doom\doom-port\build\doom-port.dir\debug\doom-port.tlog\cl.items.tlog
c:\code\doom\doom-port\build\doom-port.dir\debug\doom-port.tlog\cl.read.1.tlog
c:\code\doom\doom-port\build\doom-port.dir\debug\doom-port.tlog\cl.write.1.tlog
c:\code\doom\doom-port\build\doom-port.dir\debug\doom-port.tlog\custombuild.command.1.tlog
c:\code\doom\doom-port\build\doom-port.dir\debug\doom-port.tlog\custombuild.read.1.tlog
c:\code\doom\doom-port\build\doom-port.dir\debug\doom-port.tlog\custombuild.write.1.tlog
c:\code\doom\doom-port\build\doom-port.dir\debug\doom-port.tlog\link.command.1.tlog
c:\code\doom\doom-port\build\doom-port.dir\debug\doom-port.tlog\link.read.1.tlog
c:\code\doom\doom-port\build\doom-port.dir\debug\doom-port.tlog\link.secondary.1.tlog
c:\code\doom\doom-port\build\doom-port.dir\debug\doom-port.tlog\link.write.1.tlog
